#
# There is insufficient memory for the Java Runtime Environment to continue.
# Native memory allocation (mmap) failed to map 536870912 bytes. Error detail: G1 virtual space
# Possible reasons:
#   The system is out of physical RAM or swap space
#   This process is running with CompressedOops enabled, and the Java Heap may be blocking the growth of the native heap
# Possible solutions:
#   Reduce memory load on the system
#   Increase physical memory or swap space
#   Check if swap backing store is full
#   Decrease Java heap size (-Xmx/-Xms)
#   Decrease number of Java threads
#   Decrease Java thread stack sizes (-Xss)
#   Set larger code cache with -XX:ReservedCodeCacheSize=
#   JVM is running with Zero Based Compressed Oops mode in which the Java heap is
#     placed in the first 32GB address space. The Java Heap base address is the
#     maximum limit for the native heap growth. Please use -XX:HeapBaseMinAddress
#     to set the Java Heap base and to place the Java Heap above 32GB virtual address.
# This output file may be truncated or incomplete.
#
#  Out of Memory Error (os_windows.cpp:3925), pid=5440, tid=31476
#
# JRE version:  (21.0.8) (build )
# Java VM: OpenJDK 64-Bit Server VM (21.0.8+-14196175-b1038.72, mixed mode, sharing, tiered, compressed oops, compressed class ptrs, g1 gc, windows-amd64)
# No core dump will be written. Minidumps are not enabled by default on client versions of Windows
#

---------------  S U M M A R Y ------------

Command Line: 

Host: Intel(R) Core(TM) i7-8565U CPU @ 1.80GHz, 8 cores, 31G,  Windows 11 , 64 bit Build 26100 (10.0.26100.8328)
Time: Mon Jun 22 14:25:33 2026 Mitteleuropäische Sommerzeit elapsed time: 0.010778 seconds (0d 0h 0m 0s)

---------------  T H R E A D  ---------------

Current thread (0x0000021bcc9d26a0):  JavaThread "Unknown thread" [_thread_in_vm, id=31476, stack(0x0000002354e00000,0x0000002354f00000) (1024K)]

Stack: [0x0000002354e00000,0x0000002354f00000]
Native frames: (J=compiled Java code, j=interpreted, Vv=VM code, C=native code)
V  [jvm.dll+0x6d68d9]
V  [jvm.dll+0x866693]
V  [jvm.dll+0x868c4e]
V  [jvm.dll+0x869333]
V  [jvm.dll+0x280566]
V  [jvm.dll+0x6d3195]
V  [jvm.dll+0x6c69ea]
V  [jvm.dll+0x3586db]
V  [jvm.dll+0x360336]
V  [jvm.dll+0x3b23f6]
V  [jvm.dll+0x3b26c8]
V  [jvm.dll+0x32ae6c]
V  [jvm.dll+0x32bb5b]
V  [jvm.dll+0x82e109]
V  [jvm.dll+0x3bf5c8]
V  [jvm.dll+0x817388]
V  [jvm.dll+0x453b6e]
V  [jvm.dll+0x4552d1]
C  [jli.dll+0x52ab]
C  [ucrtbase.dll+0x37b0]
C  [KERNEL32.DLL+0x2e957]
C  [ntdll.dll+0x427c]


---------------  P R O C E S S  ---------------

Threads class SMR info:
_java_thread_list=0x00007ffdafa7b988, length=0, elements={
}

Java Threads: ( => current thread )
Total: 0

Other Threads:
  0x0000021bccfa50f0 WorkerThread "GC Thread#0"                     [id=30500, stack(0x0000002354f00000,0x0000002355000000) (1024K)]
  0x0000021bccfb5f50 ConcurrentGCThread "G1 Main Marker"            [id=35640, stack(0x0000002355000000,0x0000002355100000) (1024K)]
  0x0000021bccfb7890 WorkerThread "G1 Conc#0"                       [id=19236, stack(0x0000002355100000,0x0000002355200000) (1024K)]

[error occurred during error reporting (printing all threads), id 0xc0000005, EXCEPTION_ACCESS_VIOLATION (0xc0000005) at pc=0x00007ffdaf26ddd7]
VM state: not at safepoint (not fully initialized)

VM Mutex/Monitor currently owned by a thread:  ([mutex/lock_event])
[0x00007ffdafae86b8] Heap_lock - owner thread: 0x0000021bcc9d26a0

Heap address: 0x0000000603000000, size: 8144 MB, Compressed Oops mode: Zero based, Oop shift amount: 3

CDS archive(s) mapped at: [0x0000000000000000-0x0000000000000000-0x0000000000000000), size 0, SharedBaseAddress: 0x0000000800000000, ArchiveRelocationMode: 1.
Narrow klass base: 0x0000000000000000, Narrow klass shift: 0, Narrow klass range: 0x0

GC Precious Log:
 CardTable entry size: 512
 Card Set container configuration: InlinePtr #cards 4 size 8 Array Of Cards #cards 32 size 80 Howl #buckets 8 coarsen threshold 7372 Howl Bitmap #cards 1024 size 144 coarsen threshold 921 Card regions per heap region 1 cards per card region 8192

Heap:
 garbage-first heap   total 0K, used 0K [0x0000000603000000, 0x0000000800000000)
  region size 4096K, 0 young (0K), 0 survivors (0K)
 Metaspace       used 0K, committed 0K, reserved 0K
  class space    used 0K, committed 0K, reserved 0K

Heap Regions: E=young(eden), S=young(survivor), O=old, HS=humongous(starts), HC=humongous(continues), CS=collection set, F=free, TAMS=top-at-mark-start, PB=parsable bottom

Card table byte_map: [0x0000021be2190000,0x0000021be3180000] _byte_map_base: 0x0000021bdf178000

Marking Bits: (CMBitMap*) 0x0000021bccfa57f0
 Bits: [0x0000021be3180000, 0x0000021beb0c0000)

GC Heap History (0 events):
No events

Dll operation events (1 events):
Event: 0.007 Loaded shared library C:\Users\mahmed\AppData\Local\Programs\Android Studio\jbr\bin\java.dll

Deoptimization events (0 events):
No events

Classes loaded (0 events):
No events

Classes unloaded (0 events):
No events

Classes redefined (0 events):
No events

Internal exceptions (0 events):
No events

ZGC Phase Switch (0 events):
No events

VM Operations (0 events):
No events

Memory protections (0 events):
No events

Nmethod flushes (0 events):
No events

Events (0 events):
No events


Dynamic libraries:
0x00007ff63ad00000 - 0x00007ff63ad0a000 	C:\Users\mahmed\AppData\Local\Programs\Android Studio\jbr\bin\java.EXE
0x00007ffe128e0000 - 0x00007ffe12b47000 	C:\WINDOWS\SYSTEM32\ntdll.dll
0x00007ffe116c0000 - 0x00007ffe11789000 	C:\WINDOWS\System32\KERNEL32.DLL
0x00007ffe100a0000 - 0x00007ffe10497000 	C:\WINDOWS\System32\KERNELBASE.dll
0x00007ffe0ff50000 - 0x00007ffe1009b000 	C:\WINDOWS\System32\ucrtbase.dll
0x00007ffdfeee0000 - 0x00007ffdfeef8000 	C:\Users\mahmed\AppData\Local\Programs\Android Studio\jbr\bin\jli.dll
0x00007ffe10e90000 - 0x00007ffe11056000 	C:\WINDOWS\System32\USER32.dll
0x00007ffdf10f0000 - 0x00007ffdf110b000 	C:\Users\mahmed\AppData\Local\Programs\Android Studio\jbr\bin\VCRUNTIME140.dll
0x00007ffe0fd00000 - 0x00007ffe0fd27000 	C:\WINDOWS\System32\win32u.dll
0x00007ffdd4c50000 - 0x00007ffdd4ee2000 	C:\WINDOWS\WinSxS\amd64_microsoft.windows.common-controls_6595b64144ccf1df_6.0.26100.8457_none_3e0b2faee331e92d\COMCTL32.dll
0x00007ffe11580000 - 0x00007ffe115ab000 	C:\WINDOWS\System32\GDI32.dll
0x00007ffe115b0000 - 0x00007ffe11659000 	C:\WINDOWS\System32\msvcrt.dll
0x00007ffe10530000 - 0x00007ffe1065c000 	C:\WINDOWS\System32\gdi32full.dll
0x00007ffe0fea0000 - 0x00007ffe0ff43000 	C:\WINDOWS\System32\msvcp_win.dll
0x00007ffe11790000 - 0x00007ffe117c2000 	C:\WINDOWS\System32\IMM32.DLL
0x00007ffdfac00000 - 0x00007ffdfac0c000 	C:\Users\mahmed\AppData\Local\Programs\Android Studio\jbr\bin\vcruntime140_1.dll
0x00007ffdef6b0000 - 0x00007ffdef73d000 	C:\Users\mahmed\AppData\Local\Programs\Android Studio\jbr\bin\msvcp140.dll
0x00007ffdaef30000 - 0x00007ffdafbc6000 	C:\Users\mahmed\AppData\Local\Programs\Android Studio\jbr\bin\server\jvm.dll
0x00007ffe10a90000 - 0x00007ffe10b46000 	C:\WINDOWS\System32\ADVAPI32.dll
0x00007ffe111c0000 - 0x00007ffe11267000 	C:\WINDOWS\System32\sechost.dll
0x00007ffe11270000 - 0x00007ffe11388000 	C:\WINDOWS\System32\RPCRT4.dll
0x00007ffe127a0000 - 0x00007ffe12820000 	C:\WINDOWS\System32\WS2_32.dll
0x00007ffe0f170000 - 0x00007ffe0f1ce000 	C:\WINDOWS\SYSTEM32\POWRPROF.dll
0x00007ffddff20000 - 0x00007ffddff56000 	C:\WINDOWS\SYSTEM32\WINMM.dll
0x00007ffe04080000 - 0x00007ffe0408b000 	C:\WINDOWS\SYSTEM32\VERSION.dll
0x00007ffe0f150000 - 0x00007ffe0f164000 	C:\WINDOWS\SYSTEM32\UMPDC.dll
0x00007ffe0e060000 - 0x00007ffe0e07b000 	C:\WINDOWS\SYSTEM32\kernel.appcore.dll
0x00007ffdefaa0000 - 0x00007ffdefaaa000 	C:\Users\mahmed\AppData\Local\Programs\Android Studio\jbr\bin\jimage.dll
0x00007ffe0cfc0000 - 0x00007ffe0d202000 	C:\WINDOWS\SYSTEM32\DBGHELP.DLL
0x00007ffe10670000 - 0x00007ffe109f3000 	C:\WINDOWS\System32\combase.dll
0x00007ffe117d0000 - 0x00007ffe118a9000 	C:\WINDOWS\System32\OLEAUT32.dll
0x00007ffdf6b90000 - 0x00007ffdf6bcb000 	C:\WINDOWS\SYSTEM32\dbgcore.DLL
0x00007ffe0fd30000 - 0x00007ffe0fdd8000 	C:\WINDOWS\System32\bcryptPrimitives.dll
0x00007ffdefa80000 - 0x00007ffdefaa0000 	C:\Users\mahmed\AppData\Local\Programs\Android Studio\jbr\bin\java.dll

JVMTI agents: none

dbghelp: loaded successfully - version: 4.0.5 - missing functions: none
symbol engine: initialized successfully - sym options: 0x614 - pdb path: .;C:\Users\mahmed\AppData\Local\Programs\Android Studio\jbr\bin;C:\WINDOWS\SYSTEM32;C:\WINDOWS\WinSxS\amd64_microsoft.windows.common-controls_6595b64144ccf1df_6.0.26100.8457_none_3e0b2faee331e92d;C:\Users\mahmed\AppData\Local\Programs\Android Studio\jbr\bin\server

VM Arguments:
java_command: <unknown>
java_class_path (initial): <not set>
Launcher Type: SUN_STANDARD

[Global flags]
     intx CICompilerCount                          = 4                                         {product} {ergonomic}
     uint ConcGCThreads                            = 2                                         {product} {ergonomic}
     uint G1ConcRefinementThreads                  = 8                                         {product} {ergonomic}
   size_t G1HeapRegionSize                         = 4194304                                   {product} {ergonomic}
    uintx GCDrainStackTargetSize                   = 64                                        {product} {ergonomic}
   size_t InitialHeapSize                          = 536870912                                 {product} {ergonomic}
   size_t MarkStackSize                            = 4194304                                   {product} {ergonomic}
   size_t MaxHeapSize                              = 8539602944                                {product} {ergonomic}
   size_t MinHeapDeltaBytes                        = 4194304                                   {product} {ergonomic}
   size_t MinHeapSize                              = 8388608                                   {product} {ergonomic}
    uintx NonNMethodCodeHeapSize                   = 5839372                                {pd product} {ergonomic}
    uintx NonProfiledCodeHeapSize                  = 122909434                              {pd product} {ergonomic}
    uintx ProfiledCodeHeapSize                     = 122909434                              {pd product} {ergonomic}
    uintx ReservedCodeCacheSize                    = 251658240                              {pd product} {ergonomic}
     bool SegmentedCodeCache                       = true                                      {product} {ergonomic}
   size_t SoftMaxHeapSize                          = 8539602944                             {manageable} {ergonomic}
     bool UseCompressedOops                        = true                           {product lp64_product} {ergonomic}
     bool UseG1GC                                  = true                                      {product} {ergonomic}
     bool UseLargePagesIndividualAllocation        = false                                  {pd product} {ergonomic}

Logging:
Log output configuration:
 #0: stdout all=warning uptime,level,tags foldmultilines=false
 #1: stderr all=off uptime,level,tags foldmultilines=false

Environment Variables:
JAVA_HOME=C:\Program Files\Java\jdk-17.0.2
PATH=C:\Program Files\Common Files\Oracle\Java\javapath;C:\Program Files (x86)\Common Files\Oracle\Java\java8path;C:\Program Files (x86)\Common Files\Oracle\Java\javapath;C:\Program Files\OpenSSH\;C:\Windows\system32;C:\Windows;C:\Windows\System32\Wbem;C:\Windows\System32\WindowsPowerShell\v1.0\;C:\Program Files\dotnet\;C:\Program Files\Microsoft VS Code\bin;C:\Users\mahmed\AppData\Roaming\nvm;C:\Program Files\nodejs;C:\Windows\System32\OpenSSH\;C:\Program Files\symfony-cli;C:\ProgramData\ComposerSetup\bin;c:\Users\mahmed\AppData\Local\Programs\cursor\resources\app\bin;C:\WINDOWS\system32;C:\WINDOWS;C:\WINDOWS\System32\Wbem;C:\WINDOWS\System32\WindowsPowerShell\v1.0\;C:\WINDOWS\System32\OpenSSH\;C:\Program Files\Git\cmd;C:\Program Files\Docker\Docker\resources\bin;C:\Program Files\PuTTY\;C:\Ruby40-x64\bin;C:\Users\mahmed\AppData\Local\Microsoft\WindowsApps;C:\Users\mahmed\AppData\Roaming\nvm;C:\Program Files\nodejs;C:\ProgramData\chocolatey\bin;C:\Users\mahmed\dev_shortcut;C:\Users\mahmed\AppData\Local\JetBrains\Toolbox\scripts;C:\Users\mahmed\php-8.2;C:\Users\mahmed\AppData\Roaming\Composer\vendor\bin;C:\Users\mahmed\fvm\default\bin;C:\Users\mahmed\AppData\Local\Pub\Cache\bin;C:\Windows\System32;C:\Program Files\Git\cmd;C:\Program Files\Git\bin\git.exe;C:\Users\mahmed\AppData\Local\Android\Sdk;C:\Users\mahmed\AppData\Local\Android\Sdk\platform-tools;C:\tools\dart-sdk\bin;C:\Program Files\Java\jdk-17.0.2\bin;C:\Users\mahmed\AppData\Local\Programs\cursor\resources\app\bin;C:\Users\mahmed\AppData\Local\Microsoft\WindowsApps;C:\Users\mahmed\AppData\Local\Programs\Antigravity IDE\bin
USERNAME=mahmed
OS=Windows_NT
PROCESSOR_IDENTIFIER=Intel64 Family 6 Model 142 Stepping 12, GenuineIntel
TMP=C:\Users\mahmed\AppData\Local\Temp
TEMP=C:\Users\mahmed\AppData\Local\Temp




Periodic native trim disabled

JNI global refs:
JNI global refs: 0, weak refs: 0

JNI global refs memory usage: 0, weak refs: 0

Process memory usage:
Resident Set Size: 13292K (0% of 33356064K total physical memory with 3509400K free physical memory)

OOME stack traces (most recent first):
Classloader memory used:

---------------  S Y S T E M  ---------------

OS:
 Windows 11 , 64 bit Build 26100 (10.0.26100.8328)
OS uptime: 1 days 2:38 hours
Hyper-V role detected

CPU: total 8 (initial active 8) (4 cores per cpu, 2 threads per core) family 6 model 142 stepping 12 microcode 0x100, cx8, cmov, fxsr, ht, mmx, 3dnowpref, sse, sse2, sse3, ssse3, sse4.1, sse4.2, popcnt, lzcnt, tsc, tscinvbit, avx, avx2, aes, erms, clmul, bmi1, bmi2, adx, fma, vzeroupper, clflush, clflushopt, hv, rdtscp, f16c
Processor Information for the first 8 processors :
  Max Mhz: 1992, Current Mhz: 1792, Mhz Limit: 1792

Memory: 4k page, system-wide physical 32574M (3427M free)
TotalPageFile size 46024M (AvailPageFile size 225M)
current process WorkingSet (physical memory assigned to process): 13M, peak: 13M
current process commit charge ("private bytes"): 60M, peak: 572M

vm_info: OpenJDK 64-Bit Server VM (21.0.8+-14196175-b1038.72) for windows-amd64 JRE (21.0.8+-14196175-b1038.72), built on 2025-10-01T10:24:33Z by "builder" with MS VC++ 16.10 / 16.11 (VS2019)

END.
