#
# There is insufficient memory for the Java Runtime Environment to continue.
# Native memory allocation (malloc) failed to allocate 32744 bytes for ChunkPool::allocate
# Possible reasons:
#   The system is out of physical RAM or swap space
#   The process is running with CompressedOops enabled, and the Java Heap may be blocking the growth of the native heap
# Possible solutions:
#   Reduce memory load on the system
#   Increase physical memory or swap space
#   Check if swap backing store is full
#   Decrease Java heap size (-Xmx/-Xms)
#   Decrease number of Java threads
#   Decrease Java thread stack sizes (-Xss)
#   Set larger code cache with -XX:ReservedCodeCacheSize=
#   JVM is running with Zero Based Compressed Oops mode in which the Java heap is
#     placed in the first 32GB address space. The Java Heap base address is the
#     maximum limit for the native heap growth. Please use -XX:HeapBaseMinAddress
#     to set the Java Heap base and to place the Java Heap above 32GB virtual address.
# This output file may be truncated or incomplete.
#
#  Out of Memory Error (arena.cpp:78), pid=4852, tid=30664
#
# JRE version: Java(TM) SE Runtime Environment (17.0.2+8) (build 17.0.2+8-LTS-86)
# Java VM: Java HotSpot(TM) 64-Bit Server VM (17.0.2+8-LTS-86, mixed mode, sharing, tiered, compressed oops, compressed class ptrs, g1 gc, windows-amd64)
# No core dump will be written. Minidumps are not enabled by default on client versions of Windows
#

---------------  S U M M A R Y ------------

Command Line: -Dorg.gradle.appname=gradlew org.gradle.wrapper.GradleWrapperMain -q -Ptarget-platform=android-x64 -Ptarget=C:\Users\mahmed\Desktop\private\IdeaProjects\fair_share\lib\main.dart -Pbase-application-name=android.app.Application -Pdart-defines=RkxVVFRFUl9WRVJTSU9OPTMuNDQuMg==,RkxVVFRFUl9DSEFOTkVMPXN0YWJsZQ==,RkxVVFRFUl9HSVRfVVJMPWh0dHBzOi8vZ2l0aHViLmNvbS9mbHV0dGVyL2ZsdXR0ZXIuZ2l0,RkxVVFRFUl9GUkFNRVdPUktfUkVWSVNJT049YzlhNmM0ODQyMw==,RkxVVFRFUl9FTkdJTkVfUkVWSVNJT049NzdlMmU5NDc3Mg==,RkxVVFRFUl9EQVJUX1ZFUlNJT049My4xMi4y -Pdart-obfuscation=false -Ptrack-widget-creation=true -Ptree-shake-icons=false -Pfilesystem-scheme=org-dartlang-root assembleDebug

Host: Intel(R) Core(TM) i7-8565U CPU @ 1.80GHz, 8 cores, 31G,  Windows 11 , 64 bit Build 26100 (10.0.26100.8328)
Time: Sun Jun 21 19:31:34 2026 Mitteleurop鄜sche Sommerzeit elapsed time: 9.738298 seconds (0d 0h 0m 9s)

---------------  T H R E A D  ---------------

Current thread (0x0000021d7c3f9020):  JavaThread "C2 CompilerThread0" daemon [_thread_in_native, id=30664, stack(0x000000329d300000,0x000000329d400000)]


Current CompileTask:
C2:   9738 1505   !   4       java.util.concurrent.ConcurrentHashMap::transfer (849 bytes)

Stack: [0x000000329d300000,0x000000329d400000]
Native frames: (J=compiled Java code, j=interpreted, Vv=VM code, C=native code)
V  [jvm.dll+0x670baa]
V  [jvm.dll+0x7cfcb4]
V  [jvm.dll+0x7d145e]
V  [jvm.dll+0x7d1ac3]
V  [jvm.dll+0x242bc5]
V  [jvm.dll+0xaa7c0]
V  [jvm.dll+0xaab0c]
V  [jvm.dll+0xaa68b]
V  [jvm.dll+0x64f36c]
V  [jvm.dll+0x587e47]
V  [jvm.dll+0x58ed82]
V  [jvm.dll+0x58d178]
V  [jvm.dll+0x58ca6b]
V  [jvm.dll+0x579ac3]
V  [jvm.dll+0x21de3d]
V  [jvm.dll+0x21e21f]
V  [jvm.dll+0x217ae5]
V  [jvm.dll+0x214fab]
V  [jvm.dll+0x1a1bbd]
V  [jvm.dll+0x224908]
V  [jvm.dll+0x222a6c]
V  [jvm.dll+0x7859bb]
V  [jvm.dll+0x77ff7a]
V  [jvm.dll+0x66fa35]
C  [ucrtbase.dll+0x37b0]
C  [KERNEL32.DLL+0x2e957]
C  [ntdll.dll+0x427c]


---------------  P R O C E S S  ---------------

Threads class SMR info:
_java_thread_list=0x0000021d7d2321b0, length=14, elements={
0x0000021d5de36790, 0x0000021d7c3d11e0, 0x0000021d7c3d2610, 0x0000021d7c3e7ec0,
0x0000021d7c3ea790, 0x0000021d7c3ee3a0, 0x0000021d7c3ec730, 0x0000021d7c3f9020,
0x0000021d7c3fd950, 0x0000021d7c41b670, 0x0000021d7c544000, 0x0000021d7c5414b0,
0x0000021d7c543b30, 0x0000021d7dfab9c0
}

Java Threads: ( => current thread )
  0x0000021d5de36790 JavaThread "main" [_thread_in_vm, id=29796, stack(0x000000329c600000,0x000000329c700000)]
  0x0000021d7c3d11e0 JavaThread "Reference Handler" daemon [_thread_blocked, id=19836, stack(0x000000329cd00000,0x000000329ce00000)]
  0x0000021d7c3d2610 JavaThread "Finalizer" daemon [_thread_blocked, id=16520, stack(0x000000329ce00000,0x000000329cf00000)]
  0x0000021d7c3e7ec0 JavaThread "Signal Dispatcher" daemon [_thread_blocked, id=27268, stack(0x000000329cf00000,0x000000329d000000)]
  0x0000021d7c3ea790 JavaThread "Attach Listener" daemon [_thread_blocked, id=29884, stack(0x000000329d000000,0x000000329d100000)]
  0x0000021d7c3ee3a0 JavaThread "Service Thread" daemon [_thread_blocked, id=29388, stack(0x000000329d100000,0x000000329d200000)]
  0x0000021d7c3ec730 JavaThread "Monitor Deflation Thread" daemon [_thread_blocked, id=16468, stack(0x000000329d200000,0x000000329d300000)]
=>0x0000021d7c3f9020 JavaThread "C2 CompilerThread0" daemon [_thread_in_native, id=30664, stack(0x000000329d300000,0x000000329d400000)]
  0x0000021d7c3fd950 JavaThread "C1 CompilerThread0" daemon [_thread_in_vm, id=29820, stack(0x000000329d400000,0x000000329d500000)]
  0x0000021d7c41b670 JavaThread "Sweeper thread" daemon [_thread_blocked, id=20160, stack(0x000000329d500000,0x000000329d600000)]
  0x0000021d7c544000 JavaThread "Notification Thread" daemon [_thread_blocked, id=22496, stack(0x000000329d600000,0x000000329d700000)]
  0x0000021d7c5414b0 JavaThread "Common-Cleaner" daemon [_thread_blocked, id=30572, stack(0x000000329d800000,0x000000329d900000)]
  0x0000021d7c543b30 JavaThread "pool-1-thread-1" [_thread_blocked, id=28572, stack(0x000000329d900000,0x000000329da00000)]
  0x0000021d7dfab9c0 JavaThread "C2 CompilerThread1" daemon [_thread_blocked, id=29668, stack(0x000000329e200000,0x000000329e300000)]

Other Threads:
  0x0000021d7c3c9610 VMThread "VM Thread" [stack: 0x000000329cc00000,0x000000329cd00000] [id=26168]
  0x0000021d7c54c000 WatcherThread [stack: 0x000000329d700000,0x000000329d800000] [id=27632]
  0x0000021d5deb03a0 GCTaskThread "GC Thread#0" [stack: 0x000000329c700000,0x000000329c800000] [id=30680]
  0x0000021d7c7b9d10 GCTaskThread "GC Thread#1" [stack: 0x000000329db00000,0x000000329dc00000] [id=30344]
  0x0000021d7d347da0 GCTaskThread "GC Thread#2" [stack: 0x000000329dc00000,0x000000329dd00000] [id=30476]
  0x0000021d7d348050 GCTaskThread "GC Thread#3" [stack: 0x000000329dd00000,0x000000329de00000] [id=29644]
  0x0000021d7d348300 GCTaskThread "GC Thread#4" [stack: 0x000000329de00000,0x000000329df00000] [id=25364]
  0x0000021d7d3485b0 GCTaskThread "GC Thread#5" [stack: 0x000000329df00000,0x000000329e000000] [id=30512]
  0x0000021d7d24b780 GCTaskThread "GC Thread#6" [stack: 0x000000329e000000,0x000000329e100000] [id=28556]
  0x0000021d7d24be40 GCTaskThread "GC Thread#7" [stack: 0x000000329e100000,0x000000329e200000] [id=29372]
  0x0000021d5dec1d40 ConcurrentGCThread "G1 Main Marker" [stack: 0x000000329c800000,0x000000329c900000] [id=30468]
  0x0000021d5dec3e10 ConcurrentGCThread "G1 Conc#0" [stack: 0x000000329c900000,0x000000329ca00000] [id=29868]
  0x0000021d5defd0b0 ConcurrentGCThread "G1 Refine#0" [stack: 0x000000329ca00000,0x000000329cb00000] [id=26640]
  0x0000021d5defd9e0 ConcurrentGCThread "G1 Service" [stack: 0x000000329cb00000,0x000000329cc00000] [id=26132]

Threads with active compile tasks:
C2 CompilerThread0     9858 1505   !   4       java.util.concurrent.ConcurrentHashMap::transfer (849 bytes)
C1 CompilerThread0     9858 1540       3       java.util.HashMap$EntrySet::iterator (12 bytes)

VM state: not at safepoint (normal execution)

VM Mutex/Monitor currently owned by a thread:  ([mutex/lock_event])
[0x0000021d5dc4c110] Metaspace_lock - owner thread: 0x0000021d7c3fd950
[0x0000021d5de34150] MethodData_lock - owner thread: 0x0000021d7c3fd950

Heap address: 0x0000000603000000, size: 8144 MB, Compressed Oops mode: Zero based, Oop shift amount: 3

CDS archive(s) mapped at: [0x0000000800000000-0x0000000800bc0000-0x0000000800bc0000), size 12320768, SharedBaseAddress: 0x0000000800000000, ArchiveRelocationMode: 0.
Compressed class space mapped at: 0x0000000800c00000-0x0000000840c00000, reserved size: 1073741824
Narrow klass base: 0x0000000800000000, Narrow klass shift: 0, Narrow klass range: 0x100000000

GC Precious Log:
 CPUs: 8 total, 8 available
 Memory: 32574M
 Large Page Support: Disabled
 NUMA Support: Disabled
 Compressed Oops: Enabled (Zero based)
 Heap Region Size: 4M
 Heap Min Capacity: 8M
 Heap Initial Capacity: 512M
 Heap Max Capacity: 8144M
 Pre-touch: Disabled
 Parallel Workers: 8
 Concurrent Workers: 2
 Concurrent Refinement Workers: 8
 Periodic GC: Disabled

Heap:
 garbage-first heap   total 524288K, used 12752K [0x0000000603000000, 0x0000000800000000)
  region size 4096K, 3 young (12288K), 2 survivors (8192K)
 Metaspace       used 9227K, committed 9408K, reserved 1064960K
  class space    used 1217K, committed 1344K, reserved 1048576K

Heap Regions: E=young(eden), S=young(survivor), O=old, HS=humongous(starts), HC=humongous(continues), CS=collection set, F=free, OA=open archive, CA=closed archive, TAMS=top-at-mark-start (previous, next)
|   0|0x0000000603000000, 0x0000000603400000, 0x0000000603400000|100%|HS|  |TAMS 0x0000000603000000, 0x0000000603000000| Complete 
|   1|0x0000000603400000, 0x0000000603474200, 0x0000000603800000| 11%| O|  |TAMS 0x0000000603400000, 0x0000000603400000| Untracked 
|   2|0x0000000603800000, 0x0000000603800000, 0x0000000603c00000|  0%| F|  |TAMS 0x0000000603800000, 0x0000000603800000| Untracked 
|   3|0x0000000603c00000, 0x0000000603c00000, 0x0000000604000000|  0%| F|  |TAMS 0x0000000603c00000, 0x0000000603c00000| Untracked 
|   4|0x0000000604000000, 0x0000000604000000, 0x0000000604400000|  0%| F|  |TAMS 0x0000000604000000, 0x0000000604000000| Untracked 
|   5|0x0000000604400000, 0x0000000604400000, 0x0000000604800000|  0%| F|  |TAMS 0x0000000604400000, 0x0000000604400000| Untracked 
|   6|0x0000000604800000, 0x0000000604800000, 0x0000000604c00000|  0%| F|  |TAMS 0x0000000604800000, 0x0000000604800000| Untracked 
|   7|0x0000000604c00000, 0x0000000604c00000, 0x0000000605000000|  0%| F|  |TAMS 0x0000000604c00000, 0x0000000604c00000| Untracked 
|   8|0x0000000605000000, 0x0000000605000000, 0x0000000605400000|  0%| F|  |TAMS 0x0000000605000000, 0x0000000605000000| Untracked 
|   9|0x0000000605400000, 0x0000000605400000, 0x0000000605800000|  0%| F|  |TAMS 0x0000000605400000, 0x0000000605400000| Untracked 
|  10|0x0000000605800000, 0x0000000605800000, 0x0000000605c00000|  0%| F|  |TAMS 0x0000000605800000, 0x0000000605800000| Untracked 
|  11|0x0000000605c00000, 0x0000000605c00000, 0x0000000606000000|  0%| F|  |TAMS 0x0000000605c00000, 0x0000000605c00000| Untracked 
|  12|0x0000000606000000, 0x0000000606000000, 0x0000000606400000|  0%| F|  |TAMS 0x0000000606000000, 0x0000000606000000| Untracked 
|  13|0x0000000606400000, 0x0000000606400000, 0x0000000606800000|  0%| F|  |TAMS 0x0000000606400000, 0x0000000606400000| Untracked 
|  14|0x0000000606800000, 0x0000000606800000, 0x0000000606c00000|  0%| F|  |TAMS 0x0000000606800000, 0x0000000606800000| Untracked 
|  15|0x0000000606c00000, 0x0000000606c00000, 0x0000000607000000|  0%| F|  |TAMS 0x0000000606c00000, 0x0000000606c00000| Untracked 
|  16|0x0000000607000000, 0x0000000607000000, 0x0000000607400000|  0%| F|  |TAMS 0x0000000607000000, 0x0000000607000000| Untracked 
|  17|0x0000000607400000, 0x0000000607400000, 0x0000000607800000|  0%| F|  |TAMS 0x0000000607400000, 0x0000000607400000| Untracked 
|  18|0x0000000607800000, 0x0000000607800000, 0x0000000607c00000|  0%| F|  |TAMS 0x0000000607800000, 0x0000000607800000| Untracked 
|  19|0x0000000607c00000, 0x0000000607c00000, 0x0000000608000000|  0%| F|  |TAMS 0x0000000607c00000, 0x0000000607c00000| Untracked 
|  20|0x0000000608000000, 0x0000000608000000, 0x0000000608400000|  0%| F|  |TAMS 0x0000000608000000, 0x0000000608000000| Untracked 
|  21|0x0000000608400000, 0x0000000608400000, 0x0000000608800000|  0%| F|  |TAMS 0x0000000608400000, 0x0000000608400000| Untracked 
|  22|0x0000000608800000, 0x0000000608800000, 0x0000000608c00000|  0%| F|  |TAMS 0x0000000608800000, 0x0000000608800000| Untracked 
|  23|0x0000000608c00000, 0x0000000608c00000, 0x0000000609000000|  0%| F|  |TAMS 0x0000000608c00000, 0x0000000608c00000| Untracked 
|  24|0x0000000609000000, 0x0000000609000000, 0x0000000609400000|  0%| F|  |TAMS 0x0000000609000000, 0x0000000609000000| Untracked 
|  25|0x0000000609400000, 0x0000000609400000, 0x0000000609800000|  0%| F|  |TAMS 0x0000000609400000, 0x0000000609400000| Untracked 
|  26|0x0000000609800000, 0x0000000609800000, 0x0000000609c00000|  0%| F|  |TAMS 0x0000000609800000, 0x0000000609800000| Untracked 
|  27|0x0000000609c00000, 0x0000000609c00000, 0x000000060a000000|  0%| F|  |TAMS 0x0000000609c00000, 0x0000000609c00000| Untracked 
|  28|0x000000060a000000, 0x000000060a000000, 0x000000060a400000|  0%| F|  |TAMS 0x000000060a000000, 0x000000060a000000| Untracked 
|  29|0x000000060a400000, 0x000000060a400000, 0x000000060a800000|  0%| F|  |TAMS 0x000000060a400000, 0x000000060a400000| Untracked 
|  30|0x000000060a800000, 0x000000060a800000, 0x000000060ac00000|  0%| F|  |TAMS 0x000000060a800000, 0x000000060a800000| Untracked 
|  31|0x000000060ac00000, 0x000000060ac00000, 0x000000060b000000|  0%| F|  |TAMS 0x000000060ac00000, 0x000000060ac00000| Untracked 
|  32|0x000000060b000000, 0x000000060b000000, 0x000000060b400000|  0%| F|  |TAMS 0x000000060b000000, 0x000000060b000000| Untracked 
|  33|0x000000060b400000, 0x000000060b400000, 0x000000060b800000|  0%| F|  |TAMS 0x000000060b400000, 0x000000060b400000| Untracked 
|  34|0x000000060b800000, 0x000000060b800000, 0x000000060bc00000|  0%| F|  |TAMS 0x000000060b800000, 0x000000060b800000| Untracked 
|  35|0x000000060bc00000, 0x000000060bc00000, 0x000000060c000000|  0%| F|  |TAMS 0x000000060bc00000, 0x000000060bc00000| Untracked 
|  36|0x000000060c000000, 0x000000060c000000, 0x000000060c400000|  0%| F|  |TAMS 0x000000060c000000, 0x000000060c000000| Untracked 
|  37|0x000000060c400000, 0x000000060c400000, 0x000000060c800000|  0%| F|  |TAMS 0x000000060c400000, 0x000000060c400000| Untracked 
|  38|0x000000060c800000, 0x000000060c800000, 0x000000060cc00000|  0%| F|  |TAMS 0x000000060c800000, 0x000000060c800000| Untracked 
|  39|0x000000060cc00000, 0x000000060cc00000, 0x000000060d000000|  0%| F|  |TAMS 0x000000060cc00000, 0x000000060cc00000| Untracked 
|  40|0x000000060d000000, 0x000000060d000000, 0x000000060d400000|  0%| F|  |TAMS 0x000000060d000000, 0x000000060d000000| Untracked 
|  41|0x000000060d400000, 0x000000060d400000, 0x000000060d800000|  0%| F|  |TAMS 0x000000060d400000, 0x000000060d400000| Untracked 
|  42|0x000000060d800000, 0x000000060d800000, 0x000000060dc00000|  0%| F|  |TAMS 0x000000060d800000, 0x000000060d800000| Untracked 
|  43|0x000000060dc00000, 0x000000060dc00000, 0x000000060e000000|  0%| F|  |TAMS 0x000000060dc00000, 0x000000060dc00000| Untracked 
|  44|0x000000060e000000, 0x000000060e000000, 0x000000060e400000|  0%| F|  |TAMS 0x000000060e000000, 0x000000060e000000| Untracked 
|  45|0x000000060e400000, 0x000000060e400000, 0x000000060e800000|  0%| F|  |TAMS 0x000000060e400000, 0x000000060e400000| Untracked 
|  46|0x000000060e800000, 0x000000060e800000, 0x000000060ec00000|  0%| F|  |TAMS 0x000000060e800000, 0x000000060e800000| Untracked 
|  47|0x000000060ec00000, 0x000000060ec00000, 0x000000060f000000|  0%| F|  |TAMS 0x000000060ec00000, 0x000000060ec00000| Untracked 
|  48|0x000000060f000000, 0x000000060f000000, 0x000000060f400000|  0%| F|  |TAMS 0x000000060f000000, 0x000000060f000000| Untracked 
|  49|0x000000060f400000, 0x000000060f400000, 0x000000060f800000|  0%| F|  |TAMS 0x000000060f400000, 0x000000060f400000| Untracked 
|  50|0x000000060f800000, 0x000000060f800000, 0x000000060fc00000|  0%| F|  |TAMS 0x000000060f800000, 0x000000060f800000| Untracked 
|  51|0x000000060fc00000, 0x000000060fc00000, 0x0000000610000000|  0%| F|  |TAMS 0x000000060fc00000, 0x000000060fc00000| Untracked 
|  52|0x0000000610000000, 0x0000000610000000, 0x0000000610400000|  0%| F|  |TAMS 0x0000000610000000, 0x0000000610000000| Untracked 
|  53|0x0000000610400000, 0x0000000610400000, 0x0000000610800000|  0%| F|  |TAMS 0x0000000610400000, 0x0000000610400000| Untracked 
|  54|0x0000000610800000, 0x0000000610800000, 0x0000000610c00000|  0%| F|  |TAMS 0x0000000610800000, 0x0000000610800000| Untracked 
|  55|0x0000000610c00000, 0x0000000610c00000, 0x0000000611000000|  0%| F|  |TAMS 0x0000000610c00000, 0x0000000610c00000| Untracked 
|  56|0x0000000611000000, 0x0000000611000000, 0x0000000611400000|  0%| F|  |TAMS 0x0000000611000000, 0x0000000611000000| Untracked 
|  57|0x0000000611400000, 0x0000000611400000, 0x0000000611800000|  0%| F|  |TAMS 0x0000000611400000, 0x0000000611400000| Untracked 
|  58|0x0000000611800000, 0x0000000611800000, 0x0000000611c00000|  0%| F|  |TAMS 0x0000000611800000, 0x0000000611800000| Untracked 
|  59|0x0000000611c00000, 0x0000000611c00000, 0x0000000612000000|  0%| F|  |TAMS 0x0000000611c00000, 0x0000000611c00000| Untracked 
|  60|0x0000000612000000, 0x0000000612000000, 0x0000000612400000|  0%| F|  |TAMS 0x0000000612000000, 0x0000000612000000| Untracked 
|  61|0x0000000612400000, 0x0000000612400000, 0x0000000612800000|  0%| F|  |TAMS 0x0000000612400000, 0x0000000612400000| Untracked 
|  62|0x0000000612800000, 0x0000000612800000, 0x0000000612c00000|  0%| F|  |TAMS 0x0000000612800000, 0x0000000612800000| Untracked 
|  63|0x0000000612c00000, 0x0000000612c00000, 0x0000000613000000|  0%| F|  |TAMS 0x0000000612c00000, 0x0000000612c00000| Untracked 
|  64|0x0000000613000000, 0x0000000613000000, 0x0000000613400000|  0%| F|  |TAMS 0x0000000613000000, 0x0000000613000000| Untracked 
|  65|0x0000000613400000, 0x0000000613400000, 0x0000000613800000|  0%| F|  |TAMS 0x0000000613400000, 0x0000000613400000| Untracked 
|  66|0x0000000613800000, 0x0000000613800000, 0x0000000613c00000|  0%| F|  |TAMS 0x0000000613800000, 0x0000000613800000| Untracked 
|  67|0x0000000613c00000, 0x0000000613c00000, 0x0000000614000000|  0%| F|  |TAMS 0x0000000613c00000, 0x0000000613c00000| Untracked 
|  68|0x0000000614000000, 0x0000000614000000, 0x0000000614400000|  0%| F|  |TAMS 0x0000000614000000, 0x0000000614000000| Untracked 
|  69|0x0000000614400000, 0x0000000614400000, 0x0000000614800000|  0%| F|  |TAMS 0x0000000614400000, 0x0000000614400000| Untracked 
|  70|0x0000000614800000, 0x0000000614800000, 0x0000000614c00000|  0%| F|  |TAMS 0x0000000614800000, 0x0000000614800000| Untracked 
|  71|0x0000000614c00000, 0x0000000614c00000, 0x0000000615000000|  0%| F|  |TAMS 0x0000000614c00000, 0x0000000614c00000| Untracked 
|  72|0x0000000615000000, 0x0000000615000000, 0x0000000615400000|  0%| F|  |TAMS 0x0000000615000000, 0x0000000615000000| Untracked 
|  73|0x0000000615400000, 0x0000000615400000, 0x0000000615800000|  0%| F|  |TAMS 0x0000000615400000, 0x0000000615400000| Untracked 
|  74|0x0000000615800000, 0x0000000615800000, 0x0000000615c00000|  0%| F|  |TAMS 0x0000000615800000, 0x0000000615800000| Untracked 
|  75|0x0000000615c00000, 0x0000000615c00000, 0x0000000616000000|  0%| F|  |TAMS 0x0000000615c00000, 0x0000000615c00000| Untracked 
|  76|0x0000000616000000, 0x0000000616000000, 0x0000000616400000|  0%| F|  |TAMS 0x0000000616000000, 0x0000000616000000| Untracked 
|  77|0x0000000616400000, 0x0000000616400000, 0x0000000616800000|  0%| F|  |TAMS 0x0000000616400000, 0x0000000616400000| Untracked 
|  78|0x0000000616800000, 0x0000000616800000, 0x0000000616c00000|  0%| F|  |TAMS 0x0000000616800000, 0x0000000616800000| Untracked 
|  79|0x0000000616c00000, 0x0000000616c00000, 0x0000000617000000|  0%| F|  |TAMS 0x0000000616c00000, 0x0000000616c00000| Untracked 
|  80|0x0000000617000000, 0x0000000617000000, 0x0000000617400000|  0%| F|  |TAMS 0x0000000617000000, 0x0000000617000000| Untracked 
|  81|0x0000000617400000, 0x0000000617400000, 0x0000000617800000|  0%| F|  |TAMS 0x0000000617400000, 0x0000000617400000| Untracked 
|  82|0x0000000617800000, 0x0000000617800000, 0x0000000617c00000|  0%| F|  |TAMS 0x0000000617800000, 0x0000000617800000| Untracked 
|  83|0x0000000617c00000, 0x0000000617c00000, 0x0000000618000000|  0%| F|  |TAMS 0x0000000617c00000, 0x0000000617c00000| Untracked 
|  84|0x0000000618000000, 0x0000000618000000, 0x0000000618400000|  0%| F|  |TAMS 0x0000000618000000, 0x0000000618000000| Untracked 
|  85|0x0000000618400000, 0x0000000618400000, 0x0000000618800000|  0%| F|  |TAMS 0x0000000618400000, 0x0000000618400000| Untracked 
|  86|0x0000000618800000, 0x0000000618800000, 0x0000000618c00000|  0%| F|  |TAMS 0x0000000618800000, 0x0000000618800000| Untracked 
|  87|0x0000000618c00000, 0x0000000618c00000, 0x0000000619000000|  0%| F|  |TAMS 0x0000000618c00000, 0x0000000618c00000| Untracked 
|  88|0x0000000619000000, 0x0000000619000000, 0x0000000619400000|  0%| F|  |TAMS 0x0000000619000000, 0x0000000619000000| Untracked 
|  89|0x0000000619400000, 0x0000000619400000, 0x0000000619800000|  0%| F|  |TAMS 0x0000000619400000, 0x0000000619400000| Untracked 
|  90|0x0000000619800000, 0x0000000619800000, 0x0000000619c00000|  0%| F|  |TAMS 0x0000000619800000, 0x0000000619800000| Untracked 
|  91|0x0000000619c00000, 0x0000000619c00000, 0x000000061a000000|  0%| F|  |TAMS 0x0000000619c00000, 0x0000000619c00000| Untracked 
|  92|0x000000061a000000, 0x000000061a000000, 0x000000061a400000|  0%| F|  |TAMS 0x000000061a000000, 0x000000061a000000| Untracked 
|  93|0x000000061a400000, 0x000000061a400000, 0x000000061a800000|  0%| F|  |TAMS 0x000000061a400000, 0x000000061a400000| Untracked 
|  94|0x000000061a800000, 0x000000061a800000, 0x000000061ac00000|  0%| F|  |TAMS 0x000000061a800000, 0x000000061a800000| Untracked 
|  95|0x000000061ac00000, 0x000000061ac00000, 0x000000061b000000|  0%| F|  |TAMS 0x000000061ac00000, 0x000000061ac00000| Untracked 
|  96|0x000000061b000000, 0x000000061b000000, 0x000000061b400000|  0%| F|  |TAMS 0x000000061b000000, 0x000000061b000000| Untracked 
|  97|0x000000061b400000, 0x000000061b400000, 0x000000061b800000|  0%| F|  |TAMS 0x000000061b400000, 0x000000061b400000| Untracked 
|  98|0x000000061b800000, 0x000000061b800000, 0x000000061bc00000|  0%| F|  |TAMS 0x000000061b800000, 0x000000061b800000| Untracked 
|  99|0x000000061bc00000, 0x000000061bc00000, 0x000000061c000000|  0%| F|  |TAMS 0x000000061bc00000, 0x000000061bc00000| Untracked 
| 100|0x000000061c000000, 0x000000061c000000, 0x000000061c400000|  0%| F|  |TAMS 0x000000061c000000, 0x000000061c000000| Untracked 
| 101|0x000000061c400000, 0x000000061c400000, 0x000000061c800000|  0%| F|  |TAMS 0x000000061c400000, 0x000000061c400000| Untracked 
| 102|0x000000061c800000, 0x000000061c800000, 0x000000061cc00000|  0%| F|  |TAMS 0x000000061c800000, 0x000000061c800000| Untracked 
| 103|0x000000061cc00000, 0x000000061cc00000, 0x000000061d000000|  0%| F|  |TAMS 0x000000061cc00000, 0x000000061cc00000| Untracked 
| 104|0x000000061d000000, 0x000000061d000000, 0x000000061d400000|  0%| F|  |TAMS 0x000000061d000000, 0x000000061d000000| Untracked 
| 105|0x000000061d400000, 0x000000061d400000, 0x000000061d800000|  0%| F|  |TAMS 0x000000061d400000, 0x000000061d400000| Untracked 
| 106|0x000000061d800000, 0x000000061d800000, 0x000000061dc00000|  0%| F|  |TAMS 0x000000061d800000, 0x000000061d800000| Untracked 
| 107|0x000000061dc00000, 0x000000061dc00000, 0x000000061e000000|  0%| F|  |TAMS 0x000000061dc00000, 0x000000061dc00000| Untracked 
| 108|0x000000061e000000, 0x000000061e000000, 0x000000061e400000|  0%| F|  |TAMS 0x000000061e000000, 0x000000061e000000| Untracked 
| 109|0x000000061e400000, 0x000000061e400000, 0x000000061e800000|  0%| F|  |TAMS 0x000000061e400000, 0x000000061e400000| Untracked 
| 110|0x000000061e800000, 0x000000061e800000, 0x000000061ec00000|  0%| F|  |TAMS 0x000000061e800000, 0x000000061e800000| Untracked 
| 111|0x000000061ec00000, 0x000000061ec00000, 0x000000061f000000|  0%| F|  |TAMS 0x000000061ec00000, 0x000000061ec00000| Untracked 
| 112|0x000000061f000000, 0x000000061f000000, 0x000000061f400000|  0%| F|  |TAMS 0x000000061f000000, 0x000000061f000000| Untracked 
| 113|0x000000061f400000, 0x000000061f400000, 0x000000061f800000|  0%| F|  |TAMS 0x000000061f400000, 0x000000061f400000| Untracked 
| 114|0x000000061f800000, 0x000000061f800000, 0x000000061fc00000|  0%| F|  |TAMS 0x000000061f800000, 0x000000061f800000| Untracked 
| 115|0x000000061fc00000, 0x000000061fc00000, 0x0000000620000000|  0%| F|  |TAMS 0x000000061fc00000, 0x000000061fc00000| Untracked 
| 116|0x0000000620000000, 0x0000000620400000, 0x0000000620400000|100%| S|CS|TAMS 0x0000000620000000, 0x0000000620000000| Complete 
| 117|0x0000000620400000, 0x0000000620800000, 0x0000000620800000|100%| S|CS|TAMS 0x0000000620400000, 0x0000000620400000| Complete 
| 118|0x0000000620800000, 0x0000000620800000, 0x0000000620c00000|  0%| F|  |TAMS 0x0000000620800000, 0x0000000620800000| Untracked 
| 119|0x0000000620c00000, 0x0000000620c00000, 0x0000000621000000|  0%| F|  |TAMS 0x0000000620c00000, 0x0000000620c00000| Untracked 
| 120|0x0000000621000000, 0x0000000621000000, 0x0000000621400000|  0%| F|  |TAMS 0x0000000621000000, 0x0000000621000000| Untracked 
| 121|0x0000000621400000, 0x0000000621400000, 0x0000000621800000|  0%| F|  |TAMS 0x0000000621400000, 0x0000000621400000| Untracked 
| 122|0x0000000621800000, 0x0000000621800000, 0x0000000621c00000|  0%| F|  |TAMS 0x0000000621800000, 0x0000000621800000| Untracked 
| 123|0x0000000621c00000, 0x0000000621c00000, 0x0000000622000000|  0%| F|  |TAMS 0x0000000621c00000, 0x0000000621c00000| Untracked 
| 124|0x0000000622000000, 0x0000000622000000, 0x0000000622400000|  0%| F|  |TAMS 0x0000000622000000, 0x0000000622000000| Untracked 
| 125|0x0000000622400000, 0x0000000622400000, 0x0000000622800000|  0%| F|  |TAMS 0x0000000622400000, 0x0000000622400000| Untracked 
| 126|0x0000000622800000, 0x0000000622800000, 0x0000000622c00000|  0%| F|  |TAMS 0x0000000622800000, 0x0000000622800000| Untracked 
| 127|0x0000000622c00000, 0x0000000622f3d748, 0x0000000623000000| 81%| E|  |TAMS 0x0000000622c00000, 0x0000000622c00000| Complete 

Card table byte_map: [0x0000021d778d0000,0x0000021d788c0000] _byte_map_base: 0x0000021d748b8000

Marking Bits (Prev, Next): (CMBitMap*) 0x0000021d5deb08c0, (CMBitMap*) 0x0000021d5deb0900
 Prev Bits: [0x0000021d00000000, 0x0000021d07f40000)
 Next Bits: [0x0000021d07f40000, 0x0000021d0fe80000)

Polling page: 0x0000021d5e2a0000

Metaspace:

Usage:
  Non-class:      7.82 MB used.
      Class:      1.19 MB used.
       Both:      9.01 MB used.

Virtual space:
  Non-class space:       16.00 MB reserved,       7.88 MB ( 49%) committed,  2 nodes.
      Class space:        1.00 GB reserved,       1.31 MB ( <1%) committed,  1 nodes.
             Both:        1.02 GB reserved,       9.19 MB ( <1%) committed. 

Chunk freelists:
   Non-Class:  3.95 MB
       Class:  2.54 MB
        Both:  6.50 MB

MaxMetaspaceSize: unlimited
CompressedClassSpaceSize: 1.00 GB
Initial GC threshold: 21.00 MB
Current GC threshold: 21.00 MB
CDS: on
MetaspaceReclaimPolicy: balanced
 - commit_granule_bytes: 65536.
 - commit_granule_words: 8192.
 - virtual_space_node_default_size: 1048576.
 - enlarge_chunks_in_place: 1.
 - new_chunks_are_fully_committed: 0.
 - uncommit_free_chunks: 1.
 - use_allocation_guard: 0.
 - handle_deallocations: 1.


Internal statistics:

num_allocs_failed_limit: 0.
num_arena_births: 80.
num_arena_deaths: 0.
num_vsnodes_births: 3.
num_vsnodes_deaths: 0.
num_space_committed: 147.
num_space_uncommitted: 0.
num_chunks_returned_to_freelist: 0.
num_chunks_taken_from_freelist: 322.
num_chunk_merges: 0.
num_chunk_splits: 215.
num_chunks_enlarged: 174.
num_purges: 0.
num_inconsistent_stats: 0.

CodeHeap 'non-profiled nmethods': size=120000Kb used=669Kb max_used=669Kb free=119330Kb
 bounds [0x0000021d6e940000, 0x0000021d6ebb0000, 0x0000021d75e70000]
CodeHeap 'profiled nmethods': size=120000Kb used=2949Kb max_used=2949Kb free=117051Kb
 bounds [0x0000021d67410000, 0x0000021d67700000, 0x0000021d6e940000]
CodeHeap 'non-nmethods': size=5760Kb used=1174Kb max_used=1198Kb free=4585Kb
 bounds [0x0000021d66e70000, 0x0000021d670e0000, 0x0000021d67410000]
 total_blobs=2010 nmethods=1538 adapters=385
 compilation: enabled
              stopped_count=0, restarted_count=0
 full_count=0

Compilation events (20 events):
Event: 9.719 Thread 0x0000021d7c3fd950 nmethod 1508 0x0000021d6e9e4a90 code [0x0000021d6e9e4c20, 0x0000021d6e9e4cf8]
Event: 9.719 Thread 0x0000021d7c3fd950 1509       1       java.security.Provider$Service::getAliases (5 bytes)
Event: 9.719 Thread 0x0000021d7c3fd950 nmethod 1509 0x0000021d6e9e4d90 code [0x0000021d6e9e4f20, 0x0000021d6e9e4ff8]
Event: 9.719 Thread 0x0000021d7c3fd950 1511       1       java.util.Collections$EmptyIterator::hasNext (2 bytes)
Event: 9.719 Thread 0x0000021d7c3fd950 nmethod 1511 0x0000021d6e9e5090 code [0x0000021d6e9e5220, 0x0000021d6e9e52f8]
Event: 9.720 Thread 0x0000021d7c3fd950 1512       3       java.lang.Class::newReflectionData (66 bytes)
Event: 9.720 Thread 0x0000021d7c3fd950 nmethod 1512 0x0000021d676e2590 code [0x0000021d676e27a0, 0x0000021d676e30b8]
Event: 9.725 Thread 0x0000021d7c3fd950 1513       3       java.lang.Character::digit (6 bytes)
Event: 9.726 Thread 0x0000021d7c3fd950 nmethod 1513 0x0000021d676e3390 code [0x0000021d676e3540, 0x0000021d676e3798]
Event: 9.726 Thread 0x0000021d7c3fd950 1515       3       java.lang.CharacterDataLatin1::digit (32 bytes)
Event: 9.726 Thread 0x0000021d7c3fd950 nmethod 1515 0x0000021d676e3890 code [0x0000021d676e3a40, 0x0000021d676e3c98]
Event: 9.726 Thread 0x0000021d7c3fd950 1514       3       java.lang.Character::digit (10 bytes)
Event: 9.726 Thread 0x0000021d7c3fd950 nmethod 1514 0x0000021d676e3d90 code [0x0000021d676e3f40, 0x0000021d676e4138]
Event: 9.726 Thread 0x0000021d7c3fd950 1516       3       java.lang.Integer::parseInt (264 bytes)
Event: 9.730 Thread 0x0000021d7c3fd950 nmethod 1516 0x0000021d676e4210 code [0x0000021d676e46a0, 0x0000021d676e6598]
Event: 9.730 Thread 0x0000021d7c3fd950 1517       3       java.math.BigInteger::destructiveMulAdd (150 bytes)
Event: 9.730 Thread 0x0000021d7c3fd950 nmethod 1517 0x0000021d676e7210 code [0x0000021d676e73c0, 0x0000021d676e7718]
Event: 9.730 Thread 0x0000021d7c3fd950 1518       1       sun.security.util.KnownOIDs::value (5 bytes)
Event: 9.731 Thread 0x0000021d7c3fd950 nmethod 1518 0x0000021d6e9e5390 code [0x0000021d6e9e5520, 0x0000021d6e9e55f8]
Event: 9.732 Thread 0x0000021d7c3fd950 1522       3       java.math.BigInteger::<init> (404 bytes)

GC Heap History (4 events):
Event: 1.026 GC heap before
{Heap before GC invocations=0 (full 0):
 garbage-first heap   total 524288K, used 24576K [0x0000000603000000, 0x0000000800000000)
  region size 4096K, 6 young (24576K), 0 survivors (0K)
 Metaspace       used 1886K, committed 2048K, reserved 1056768K
  class space    used 164K, committed 192K, reserved 1048576K
}
Event: 1.035 GC heap after
{Heap after GC invocations=1 (full 0):
 garbage-first heap   total 524288K, used 2340K [0x0000000603000000, 0x0000000800000000)
  region size 4096K, 1 young (4096K), 1 survivors (4096K)
 Metaspace       used 1886K, committed 2048K, reserved 1056768K
  class space    used 164K, committed 192K, reserved 1048576K
}
Event: 3.741 GC heap before
{Heap before GC invocations=1 (full 0):
 garbage-first heap   total 524288K, used 43300K [0x0000000603000000, 0x0000000800000000)
  region size 4096K, 10 young (40960K), 1 survivors (4096K)
 Metaspace       used 8454K, committed 8640K, reserved 1056768K
  class space    used 1126K, committed 1216K, reserved 1048576K
}
Event: 3.751 GC heap after
{Heap after GC invocations=2 (full 0):
 garbage-first heap   total 524288K, used 12752K [0x0000000603000000, 0x0000000800000000)
  region size 4096K, 2 young (8192K), 2 survivors (8192K)
 Metaspace       used 8454K, committed 8640K, reserved 1056768K
  class space    used 1126K, committed 1216K, reserved 1048576K
}

Deoptimization events (20 events):
Event: 3.881 Thread 0x0000021d7c542320 Uncommon trap: trap_request=0xffffff45 fr.pc=0x0000021d6e983410 relative=0x0000000000000550
Event: 3.881 Thread 0x0000021d7c542320 Uncommon trap: reason=unstable_if action=reinterpret pc=0x0000021d6e983410 method=java.lang.AbstractStringBuilder.putStringAt(ILjava/lang/String;II)V @ 8 c2
Event: 3.881 Thread 0x0000021d7c542320 DEOPT PACKING pc=0x0000021d6e983410 sp=0x000000329e2fee90
Event: 3.881 Thread 0x0000021d7c542320 DEOPT UNPACKING pc=0x0000021d66ec23a3 sp=0x000000329e2fed80 mode 2
Event: 3.881 Thread 0x0000021d7c542320 Uncommon trap: trap_request=0xffffff45 fr.pc=0x0000021d6e95785c relative=0x000000000000005c
Event: 3.881 Thread 0x0000021d7c542320 Uncommon trap: reason=unstable_if action=reinterpret pc=0x0000021d6e95785c method=java.lang.AbstractStringBuilder.isLatin1()Z @ 10 c2
Event: 3.881 Thread 0x0000021d7c542320 DEOPT PACKING pc=0x0000021d6e95785c sp=0x000000329e2fed20
Event: 3.881 Thread 0x0000021d7c542320 DEOPT UNPACKING pc=0x0000021d66ec23a3 sp=0x000000329e2fecb0 mode 2
Event: 3.881 Thread 0x0000021d7c542320 Uncommon trap: trap_request=0xffffff45 fr.pc=0x0000021d6e9b7c20 relative=0x0000000000000400
Event: 3.881 Thread 0x0000021d7c542320 Uncommon trap: reason=unstable_if action=reinterpret pc=0x0000021d6e9b7c20 method=java.lang.AbstractStringBuilder.isLatin1()Z @ 10 c2
Event: 3.881 Thread 0x0000021d7c542320 DEOPT PACKING pc=0x0000021d6e9b7c20 sp=0x000000329e2fef10
Event: 3.881 Thread 0x0000021d7c542320 DEOPT UNPACKING pc=0x0000021d66ec23a3 sp=0x000000329e2fee90 mode 2
Event: 9.683 Thread 0x0000021d7c542320 Uncommon trap: trap_request=0xffffff45 fr.pc=0x0000021d6e96c788 relative=0x0000000000000088
Event: 9.683 Thread 0x0000021d7c542320 Uncommon trap: reason=unstable_if action=reinterpret pc=0x0000021d6e96c788 method=java.lang.String.codePointAt(I)I @ 4 c2
Event: 9.683 Thread 0x0000021d7c542320 DEOPT PACKING pc=0x0000021d6e96c788 sp=0x000000329e2feea0
Event: 9.684 Thread 0x0000021d7c542320 DEOPT UNPACKING pc=0x0000021d66ec23a3 sp=0x000000329e2fee38 mode 2
Event: 9.686 Thread 0x0000021d7c541e50 Uncommon trap: trap_request=0xffffff45 fr.pc=0x0000021d6e9bf6c8 relative=0x0000000000000fa8
Event: 9.686 Thread 0x0000021d7c541e50 Uncommon trap: reason=unstable_if action=reinterpret pc=0x0000021d6e9bf6c8 method=java.util.concurrent.ConcurrentHashMap.putVal(Ljava/lang/Object;Ljava/lang/Object;Z)Ljava/lang/Object; @ 97 c2
Event: 9.686 Thread 0x0000021d7c541e50 DEOPT PACKING pc=0x0000021d6e9bf6c8 sp=0x000000329e4fe5e0
Event: 9.686 Thread 0x0000021d7c541e50 DEOPT UNPACKING pc=0x0000021d66ec23a3 sp=0x000000329e4fe568 mode 2

Classes unloaded (0 events):
No events

Classes redefined (0 events):
No events

Internal exceptions (20 events):
Event: 1.888 Thread 0x0000021d5de36790 Exception <a 'java/lang/NoSuchMethodError'{0x0000000622210650}: 'java.lang.Object java.lang.invoke.DirectMethodHandle$Holder.invokeStaticInit(java.lang.Object)'> (0x0000000622210650) 
thrown [t:\workspace\open\src\hotspot\share\interpreter\linkResolver.cpp, line 766]
Event: 1.913 Thread 0x0000021d5de36790 Exception <a 'java/lang/NoSuchMethodError'{0x000000062222b580}: 'int java.lang.invoke.DirectMethodHandle$Holder.invokeSpecial(java.lang.Object, java.lang.Object, java.lang.Object)'> (0x000000062222b580) 
thrown [t:\workspace\open\src\hotspot\share\interpreter\linkResolver.cpp, line 766]
Event: 1.925 Thread 0x0000021d5de36790 Exception <a 'java/lang/NoSuchMethodError'{0x0000000622268fb0}: 'void java.lang.invoke.DirectMethodHandle$Holder.invokeStatic(java.lang.Object, java.lang.Object)'> (0x0000000622268fb0) 
thrown [t:\workspace\open\src\hotspot\share\interpreter\linkResolver.cpp, line 766]
Event: 1.928 Thread 0x0000021d5de36790 Implicit null exception at 0x0000021d6e99d610 to 0x0000021d6e99dba4
Event: 2.007 Thread 0x0000021d5de36790 Exception <a 'java/lang/NoSuchMethodError'{0x0000000621c20d40}: 'java.lang.Object java.lang.invoke.Invokers$Holder.invoker(java.lang.Object, java.lang.Object, java.lang.Object)'> (0x0000000621c20d40) 
thrown [t:\workspace\open\src\hotspot\share\interpreter\linkResolver.cpp, line 766]
Event: 2.010 Thread 0x0000021d5de36790 Exception <a 'java/lang/NoSuchMethodError'{0x0000000621c29e98}: 'java.lang.Object java.lang.invoke.DirectMethodHandle$Holder.invokeStatic(java.lang.Object, java.lang.Object, int)'> (0x0000000621c29e98) 
thrown [t:\workspace\open\src\hotspot\share\interpreter\linkResolver.cpp, line 766]
Event: 2.013 Thread 0x0000021d5de36790 Exception <a 'java/lang/NoSuchMethodError'{0x0000000621c35b88}: 'void java.lang.invoke.DelegatingMethodHandle$Holder.delegate(java.lang.Object, java.lang.Object, int, java.lang.Object)'> (0x0000000621c35b88) 
thrown [t:\workspace\open\src\hotspot\share\interpreter\linkResolver.cpp, line 766]
Event: 2.018 Thread 0x0000021d5de36790 Exception <a 'java/lang/NoSuchMethodError'{0x0000000621c491d0}: 'java.lang.Object java.lang.invoke.Invokers$Holder.invokeExact_MT(java.lang.Object, java.lang.Object, java.lang.Object, java.lang.Object)'> (0x0000000621c491d0) 
thrown [t:\workspace\open\src\hotspot\share\interpreter\linkResolver.cpp, line 766]
Event: 2.024 Thread 0x0000021d5de36790 Exception <a 'java/lang/NoSuchMethodError'{0x0000000621c6fb28}: 'java.lang.Object java.lang.invoke.DirectMethodHandle$Holder.invokeVirtual(java.lang.Object, java.lang.Object, java.lang.Object)'> (0x0000000621c6fb28) 
thrown [t:\workspace\open\src\hotspot\share\interpreter\linkResolver.cpp, line 766]
Event: 2.147 Thread 0x0000021d5de36790 Exception <a 'java/lang/NoSuchMethodError'{0x0000000621f913c8}: 'java.lang.Object java.lang.invoke.DirectMethodHandle$Holder.newInvokeSpecial(java.lang.Object, java.lang.Object, java.lang.Object, java.lang.Object, java.lang.Object)'> (0x0000000621f913c8) 
thrown [t:\workspace\open\src\hotspot\share\interpreter\linkResolver.cpp, line 766]
Event: 2.193 Thread 0x0000021d5de36790 Exception <a 'java/lang/NoSuchMethodError'{0x00000006218c7ec0}: 'void java.lang.invoke.DirectMethodHandle$Holder.invokeSpecial(java.lang.Object, java.lang.Object, java.lang.Object)'> (0x00000006218c7ec0) 
thrown [t:\workspace\open\src\hotspot\share\interpreter\linkResolver.cpp, line 766]
Event: 2.198 Thread 0x0000021d5de36790 Implicit null exception at 0x0000021d6e987f10 to 0x0000021d6e988498
Event: 2.919 Thread 0x0000021d5de36790 Exception <a 'java/lang/NoSuchMethodError'{0x0000000621aed7a0}: 'void java.lang.invoke.DirectMethodHandle$Holder.invokeStatic(java.lang.Object, java.lang.Object, java.lang.Object)'> (0x0000000621aed7a0) 
thrown [t:\workspace\open\src\hotspot\share\interpreter\linkResolver.cpp, line 766]
Event: 3.127 Thread 0x0000021d5de36790 Exception <a 'java/lang/NoSuchMethodError'{0x00000006213e53f0}: 'java.lang.Object java.lang.invoke.DirectMethodHandle$Holder.invokeStaticInit(java.lang.Object, int, int, int, int)'> (0x00000006213e53f0) 
thrown [t:\workspace\open\src\hotspot\share\interpreter\linkResolver.cpp, line 766]
Event: 3.310 Thread 0x0000021d5de36790 Exception <a 'java/lang/NoSuchMethodError'{0x0000000620c61960}: 'java.lang.Object java.lang.invoke.DirectMethodHandle$Holder.invokeStaticInit(java.lang.Object, java.lang.Object, int, int, int, int)'> (0x0000000620c61960) 
thrown [t:\workspace\open\src\hotspot\share\interpreter\linkResolver.cpp, line 766]
Event: 3.831 Thread 0x0000021d7c542320 Exception <a 'java/lang/NoSuchMethodError'{0x0000000622cdbbe8}: 'void java.lang.invoke.DirectMethodHandle$Holder.invokeStatic(java.lang.Object, long)'> (0x0000000622cdbbe8) 
thrown [t:\workspace\open\src\hotspot\share\interpreter\linkResolver.cpp, line 766]
Event: 3.832 Thread 0x0000021d7c542320 Exception <a 'java/lang/NoSuchMethodError'{0x0000000622ce1540}: 'java.lang.Object java.lang.invoke.DirectMethodHandle$Holder.newInvokeSpecial(java.lang.Object, long)'> (0x0000000622ce1540) 
thrown [t:\workspace\open\src\hotspot\share\interpreter\linkResolver.cpp, line 766]
Event: 3.836 Thread 0x0000021d7c542320 Exception <a 'java/lang/NoSuchMethodError'{0x0000000622cec168}: 'java.lang.Object java.lang.invoke.DirectMethodHandle$Holder.invokeStaticInit(java.lang.Object, java.lang.Object, long, java.lang.Object)'> (0x0000000622cec168) 
thrown [t:\workspace\open\src\hotspot\share\interpreter\linkResolver.cpp, line 766]
Event: 3.837 Thread 0x0000021d7c542320 Exception <a 'java/lang/NoSuchMethodError'{0x0000000622cf27f0}: 'java.lang.Object java.lang.invoke.DirectMethodHandle$Holder.newInvokeSpecial(java.lang.Object, java.lang.Object, long)'> (0x0000000622cf27f0) 
thrown [t:\workspace\open\src\hotspot\share\interpreter\linkResolver.cpp, line 766]
Event: 3.838 Thread 0x0000021d7c542320 Exception <a 'java/lang/NoSuchMethodError'{0x0000000622cf6ae0}: 'java.lang.Object java.lang.invoke.Invokers$Holder.linkToTargetMethod(java.lang.Object, long, java.lang.Object)'> (0x0000000622cf6ae0) 
thrown [t:\workspace\open\src\hotspot\share\interpreter\linkResolver.cpp, line 766]

VM Operations (20 events):
Event: 2.299 Executing VM operation: Cleanup
Event: 2.299 Executing VM operation: Cleanup done
Event: 3.285 Executing VM operation: HandshakeAllThreads
Event: 3.285 Executing VM operation: HandshakeAllThreads done
Event: 3.405 Executing VM operation: HandshakeAllThreads
Event: 3.405 Executing VM operation: HandshakeAllThreads done
Event: 3.405 Executing VM operation: Cleanup
Event: 3.405 Executing VM operation: Cleanup done
Event: 3.741 Executing VM operation: G1CollectForAllocation
Event: 3.751 Executing VM operation: G1CollectForAllocation done
Event: 3.876 Executing VM operation: HandshakeAllThreads
Event: 3.877 Executing VM operation: HandshakeAllThreads done
Event: 4.886 Executing VM operation: Cleanup
Event: 4.886 Executing VM operation: Cleanup done
Event: 7.920 Executing VM operation: Cleanup
Event: 7.920 Executing VM operation: Cleanup done
Event: 9.724 Executing VM operation: HandshakeAllThreads
Event: 9.724 Executing VM operation: HandshakeAllThreads done
Event: 9.724 Executing VM operation: Cleanup
Event: 9.724 Executing VM operation: Cleanup done

Events (20 events):
Event: 9.723 loading class java/security/spec/ECPoint
Event: 9.723 loading class java/security/spec/ECPoint done
Event: 9.723 loading class sun/security/util/NamedCurve
Event: 9.723 loading class java/security/spec/ECParameterSpec
Event: 9.723 loading class java/security/spec/AlgorithmParameterSpec
Event: 9.723 loading class java/security/spec/AlgorithmParameterSpec done
Event: 9.723 loading class java/security/spec/ECParameterSpec done
Event: 9.723 loading class sun/security/util/NamedCurve done
Event: 9.724 loading class sun/security/util/DerOutputStream
Event: 9.724 loading class sun/security/util/DerEncoder
Event: 9.724 loading class sun/security/util/DerEncoder done
Event: 9.724 loading class sun/security/util/DerOutputStream done
Event: 9.724 loading class sun/security/util/ByteArrayLexOrder
Event: 9.725 loading class sun/security/util/ByteArrayLexOrder done
Event: 9.725 loading class sun/security/util/ByteArrayTagOrder
Event: 9.725 loading class sun/security/util/ByteArrayTagOrder done
Event: 9.725 loading class sun/security/util/ObjectIdentifier
Event: 9.725 loading class sun/security/util/ObjectIdentifier done
Event: 9.730 loading class java/security/spec/ECFieldF2m
Event: 9.731 loading class java/security/spec/ECFieldF2m done


Dynamic libraries:
0x00007ff6ad520000 - 0x00007ff6ad530000 	C:\Program Files\Java\jdk-17.0.2\bin\java.exe
0x00007ffe128e0000 - 0x00007ffe12b47000 	C:\WINDOWS\SYSTEM32\ntdll.dll
0x00007ffe116c0000 - 0x00007ffe11789000 	C:\WINDOWS\System32\KERNEL32.DLL
0x00007ffe100a0000 - 0x00007ffe10497000 	C:\WINDOWS\System32\KERNELBASE.dll
0x00007ffe0ff50000 - 0x00007ffe1009b000 	C:\WINDOWS\System32\ucrtbase.dll
0x00007ffde1b10000 - 0x00007ffde1b28000 	C:\Program Files\Java\jdk-17.0.2\bin\jli.dll
0x00007ffdd6770000 - 0x00007ffdd678a000 	C:\Program Files\Java\jdk-17.0.2\bin\VCRUNTIME140.dll
0x00007ffe10a90000 - 0x00007ffe10b46000 	C:\WINDOWS\System32\ADVAPI32.dll
0x00007ffe115b0000 - 0x00007ffe11659000 	C:\WINDOWS\System32\msvcrt.dll
0x00007ffe111c0000 - 0x00007ffe11267000 	C:\WINDOWS\System32\sechost.dll
0x00007ffe11270000 - 0x00007ffe11388000 	C:\WINDOWS\System32\RPCRT4.dll
0x00007ffe10e90000 - 0x00007ffe11056000 	C:\WINDOWS\System32\USER32.dll
0x00007ffe0fd00000 - 0x00007ffe0fd27000 	C:\WINDOWS\System32\win32u.dll
0x00007ffdd4c50000 - 0x00007ffdd4ee2000 	C:\WINDOWS\WinSxS\amd64_microsoft.windows.common-controls_6595b64144ccf1df_6.0.26100.8457_none_3e0b2faee331e92d\COMCTL32.dll
0x00007ffe11580000 - 0x00007ffe115ab000 	C:\WINDOWS\System32\GDI32.dll
0x00007ffe10530000 - 0x00007ffe1065c000 	C:\WINDOWS\System32\gdi32full.dll
0x00007ffe0fea0000 - 0x00007ffe0ff43000 	C:\WINDOWS\System32\msvcp_win.dll
0x00007ffe04080000 - 0x00007ffe0408b000 	C:\WINDOWS\SYSTEM32\VERSION.dll
0x00007ffe11790000 - 0x00007ffe117c2000 	C:\WINDOWS\System32\IMM32.DLL
0x00007ffe07650000 - 0x00007ffe0765c000 	C:\Program Files\Java\jdk-17.0.2\bin\vcruntime140_1.dll
0x00007ffdc9ff0000 - 0x00007ffdca07d000 	C:\Program Files\Java\jdk-17.0.2\bin\msvcp140.dll
0x00007ffd3ecc0000 - 0x00007ffd3f881000 	C:\Program Files\Java\jdk-17.0.2\bin\server\jvm.dll
0x00007ffe11570000 - 0x00007ffe11578000 	C:\WINDOWS\System32\PSAPI.DLL
0x00007ffdd7880000 - 0x00007ffdd788a000 	C:\WINDOWS\SYSTEM32\WSOCK32.dll
0x00007ffddff20000 - 0x00007ffddff56000 	C:\WINDOWS\SYSTEM32\WINMM.dll
0x00007ffe127a0000 - 0x00007ffe12820000 	C:\WINDOWS\System32\WS2_32.dll
0x00007ffe0e060000 - 0x00007ffe0e07b000 	C:\WINDOWS\SYSTEM32\kernel.appcore.dll
0x00007ffe03f80000 - 0x00007ffe03f8a000 	C:\Program Files\Java\jdk-17.0.2\bin\jimage.dll
0x00007ffe0cfc0000 - 0x00007ffe0d202000 	C:\WINDOWS\SYSTEM32\DBGHELP.DLL
0x00007ffe10670000 - 0x00007ffe109f3000 	C:\WINDOWS\System32\combase.dll
0x00007ffe117d0000 - 0x00007ffe118a9000 	C:\WINDOWS\System32\OLEAUT32.dll
0x00007ffdf6b90000 - 0x00007ffdf6bcb000 	C:\WINDOWS\SYSTEM32\dbgcore.DLL
0x00007ffe0fd30000 - 0x00007ffe0fdd8000 	C:\WINDOWS\System32\bcryptPrimitives.dll
0x00007ffdd6740000 - 0x00007ffdd6765000 	C:\Program Files\Java\jdk-17.0.2\bin\java.dll
0x00007ffdc6430000 - 0x00007ffdc6506000 	C:\Program Files\Java\jdk-17.0.2\bin\jsvml.dll
0x00007ffe11fa0000 - 0x00007ffe1270e000 	C:\WINDOWS\System32\SHELL32.dll
0x00007ffe0f310000 - 0x00007ffe0fb7c000 	C:\WINDOWS\System32\windows.storage.dll
0x00007ffe11060000 - 0x00007ffe11156000 	C:\WINDOWS\System32\SHCORE.dll
0x00007ffe12830000 - 0x00007ffe12896000 	C:\WINDOWS\System32\shlwapi.dll
0x00007ffe0f230000 - 0x00007ffe0f259000 	C:\WINDOWS\SYSTEM32\profapi.dll
0x00007ffdd3fd0000 - 0x00007ffdd3fe9000 	C:\Program Files\Java\jdk-17.0.2\bin\net.dll
0x00007ffe08810000 - 0x00007ffe08939000 	C:\WINDOWS\SYSTEM32\WINHTTP.dll
0x00007ffe0e5b0000 - 0x00007ffe0e61c000 	C:\WINDOWS\system32\mswsock.dll
0x00007ffdd3e50000 - 0x00007ffdd3e66000 	C:\Program Files\Java\jdk-17.0.2\bin\nio.dll
0x00007ffdd3e30000 - 0x00007ffdd3e48000 	C:\Program Files\Java\jdk-17.0.2\bin\zip.dll
0x00007ffdef3e0000 - 0x00007ffdef3f0000 	C:\Program Files\Java\jdk-17.0.2\bin\verify.dll
0x00007ffdef3d0000 - 0x00007ffdef3d9000 	C:\Program Files\Java\jdk-17.0.2\bin\management.dll
0x00007ffdef3c0000 - 0x00007ffdef3cb000 	C:\Program Files\Java\jdk-17.0.2\bin\management_ext.dll
0x00007ffdef220000 - 0x00007ffdef247000 	C:\Users\mahmed\.gradle\native\1def1411415f61bf3af743bc5b6707747c0891f09f0c88961ee8f79bc544acac\windows-amd64\native-platform.dll
0x00007ffe0d7d0000 - 0x00007ffe0d802000 	C:\WINDOWS\SYSTEM32\IPHLPAPI.DLL
0x00007ffe11a50000 - 0x00007ffe11a5a000 	C:\WINDOWS\System32\NSI.dll
0x00007ffe08b80000 - 0x00007ffe08b9d000 	C:\WINDOWS\SYSTEM32\dhcpcsvc6.DLL
0x00007ffe08ad0000 - 0x00007ffe08af5000 	C:\WINDOWS\SYSTEM32\dhcpcsvc.DLL
0x00007ffe0d810000 - 0x00007ffe0d942000 	C:\WINDOWS\SYSTEM32\DNSAPI.dll
0x00007ffe0e9b0000 - 0x00007ffe0e9cb000 	C:\WINDOWS\SYSTEM32\CRYPTSP.dll
0x00007ffe0dfc0000 - 0x00007ffe0dff9000 	C:\WINDOWS\system32\rsaenh.dll
0x00007ffe0e660000 - 0x00007ffe0e693000 	C:\WINDOWS\SYSTEM32\USERENV.dll
0x00007ffe0f200000 - 0x00007ffe0f22a000 	C:\WINDOWS\SYSTEM32\bcrypt.dll
0x00007ffe0e990000 - 0x00007ffe0e99c000 	C:\WINDOWS\SYSTEM32\CRYPTBASE.dll

dbghelp: loaded successfully - version: 4.0.5 - missing functions: none
symbol engine: initialized successfully - sym options: 0x614 - pdb path: .;C:\Program Files\Java\jdk-17.0.2\bin;C:\WINDOWS\SYSTEM32;C:\WINDOWS\WinSxS\amd64_microsoft.windows.common-controls_6595b64144ccf1df_6.0.26100.8457_none_3e0b2faee331e92d;C:\Program Files\Java\jdk-17.0.2\bin\server;C:\Users\mahmed\.gradle\native\1def1411415f61bf3af743bc5b6707747c0891f09f0c88961ee8f79bc544acac\windows-amd64

VM Arguments:
jvm_args: -Dorg.gradle.appname=gradlew 
java_command: org.gradle.wrapper.GradleWrapperMain -q -Ptarget-platform=android-x64 -Ptarget=C:\Users\mahmed\Desktop\private\IdeaProjects\fair_share\lib\main.dart -Pbase-application-name=android.app.Application -Pdart-defines=RkxVVFRFUl9WRVJTSU9OPTMuNDQuMg==,RkxVVFRFUl9DSEFOTkVMPXN0YWJsZQ==,RkxVVFRFUl9HSVRfVVJMPWh0dHBzOi8vZ2l0aHViLmNvbS9mbHV0dGVyL2ZsdXR0ZXIuZ2l0,RkxVVFRFUl9GUkFNRVdPUktfUkVWSVNJT049YzlhNmM0ODQyMw==,RkxVVFRFUl9FTkdJTkVfUkVWSVNJT049NzdlMmU5NDc3Mg==,RkxVVFRFUl9EQVJUX1ZFUlNJT049My4xMi4y -Pdart-obfuscation=false -Ptrack-widget-creation=true -Ptree-shake-icons=false -Pfilesystem-scheme=org-dartlang-root assembleDebug
java_class_path (initial): C:\Users\mahmed\Desktop\private\IdeaProjects\fair_share\android\\gradle\wrapper\gradle-wrapper.jar
Launcher Type: SUN_STANDARD

[Global flags]
     intx CICompilerCount                          = 4                                         {product} {ergonomic}
     uint ConcGCThreads                            = 2                                         {product} {ergonomic}
     uint G1ConcRefinementThreads                  = 8                                         {product} {ergonomic}
   size_t G1HeapRegionSize                         = 4194304                                   {product} {ergonomic}
    uintx GCDrainStackTargetSize                   = 64                                        {product} {ergonomic}
   size_t InitialHeapSize                          = 536870912                                 {product} {ergonomic}
   size_t MarkStackSize                            = 4194304                                   {product} {ergonomic}
   size_t MaxHeapSize                              = 8539602944                                {product} {ergonomic}
   size_t MaxNewSize                               = 5121245184                                {product} {ergonomic}
   size_t MinHeapDeltaBytes                        = 4194304                                   {product} {ergonomic}
   size_t MinHeapSize                              = 8388608                                   {product} {ergonomic}
    uintx NonNMethodCodeHeapSize                   = 5839372                                {pd product} {ergonomic}
    uintx NonProfiledCodeHeapSize                  = 122909434                              {pd product} {ergonomic}
    uintx ProfiledCodeHeapSize                     = 122909434                              {pd product} {ergonomic}
    uintx ReservedCodeCacheSize                    = 251658240                              {pd product} {ergonomic}
     bool SegmentedCodeCache                       = true                                      {product} {ergonomic}
   size_t SoftMaxHeapSize                          = 8539602944                             {manageable} {ergonomic}
     bool UseCompressedClassPointers               = true                           {product lp64_product} {ergonomic}
     bool UseCompressedOops                        = true                           {product lp64_product} {ergonomic}
     bool UseG1GC                                  = true                                      {product} {ergonomic}
     bool UseLargePagesIndividualAllocation        = false                                  {pd product} {ergonomic}

Logging:
Log output configuration:
 #0: stdout all=warning uptime,level,tags
 #1: stderr all=off uptime,level,tags

Environment Variables:
JAVA_HOME=C:/Program Files/Java/jdk-17.0.2
CLASSPATH=C:\Users\mahmed\Desktop\private\IdeaProjects\fair_share\android\\gradle\wrapper\gradle-wrapper.jar
PATH=C:/Program Files/Java/jdk-17.0.2\bin;C:\Program Files\Common Files\Oracle\Java\javapath;C:\Program Files (x86)\Common Files\Oracle\Java\java8path;C:\Program Files (x86)\Common Files\Oracle\Java\javapath;C:\Program Files\OpenSSH\;C:\Windows\system32;C:\Windows;C:\Windows\System32\Wbem;C:\Windows\System32\WindowsPowerShell\v1.0\;C:\Program Files\dotnet\;C:\Program Files\Microsoft VS Code\bin;C:\Users\mahmed\AppData\Roaming\nvm;C:\Program Files\nodejs;C:\Windows\System32\OpenSSH\;C:\Program Files\symfony-cli;C:\ProgramData\ComposerSetup\bin;c:\Users\mahmed\AppData\Local\Programs\cursor\resources\app\bin;C:\WINDOWS\system32;C:\WINDOWS;C:\WINDOWS\System32\Wbem;C:\WINDOWS\System32\WindowsPowerShell\v1.0\;C:\WINDOWS\System32\OpenSSH\;C:\Program Files\Git\cmd;C:\Program Files\Docker\Docker\resources\bin;C:\Program Files\PuTTY\;C:\Ruby40-x64\bin;C:\Users\mahmed\AppData\Local\Microsoft\WindowsApps;C:\Users\mahmed\AppData\Roaming\nvm;C:\Program Files\nodejs;C:\ProgramData\chocolatey\bin;C:\Users\mahmed\dev_shortcut;C:\Users\mahmed\AppData\Local\JetBrains\Toolbox\scripts;C:\Users\mahmed\php-8.2;C:\Users\mahmed\AppData\Roaming\Composer\vendor\bin;C:\Users\mahmed\fvm\default\bin;C:\Users\mahmed\AppData\Local\Pub\Cache\bin;C:\Windows\System32;C:\Program Files\Git\cmd;C:\Program Files\Git\bin\git.exe;C:\Users\mahmed\AppData\Local\Android\Sdk;C:\Users\mahmed\AppData\Local\Android\Sdk\platform-tools;C:\tools\dart-sdk\bin;C:\Program Files\Java\jdk-17.0.2\bin;C:\Users\mahmed\AppData\Local\Programs\cursor\resources\app\bin;C:\Users\mahmed\AppData\Local\Microsoft\WindowsApps;C:\Users\mahmed\AppData\Local\Programs\Antigravity IDE\bin
USERNAME=mahmed
OS=Windows_NT
PROCESSOR_IDENTIFIER=Intel64 Family 6 Model 142 Stepping 12, GenuineIntel



---------------  S Y S T E M  ---------------

OS:
 Windows 11 , 64 bit Build 26100 (10.0.26100.8328)
OS uptime: 0 days 7:44 hours
Hyper-V role detected

CPU: total 8 (initial active 8) (4 cores per cpu, 2 threads per core) family 6 model 142 stepping 12 microcode 0x100, cx8, cmov, fxsr, ht, mmx, 3dnowpref, sse, sse2, sse3, ssse3, sse4.1, sse4.2, popcnt, lzcnt, tsc, tscinvbit, avx, avx2, aes, erms, clmul, bmi1, bmi2, adx, fma, vzeroupper, clflush, clflushopt, hv

Memory: 4k page, system-wide physical 32574M (6412M free)
TotalPageFile size 40812M (AvailPageFile size 773M)
current process WorkingSet (physical memory assigned to process): 114M, peak: 118M
current process commit charge ("private bytes"): 638M, peak: 639M

vm_info: Java HotSpot(TM) 64-Bit Server VM (17.0.2+8-LTS-86) for windows-amd64 JRE (17.0.2+8-LTS-86), built on Dec  7 2021 21:51:03 by "mach5one" with MS VC++ 16.8 / 16.9 (VS2019)

END.
